-------------------------------------------------------------------------------
Test set: com.hotel.AppTest
-------------------------------------------------------------------------------
Tests run: 17, Failures: 3, Errors: 3, Skipped: 0, Time elapsed: 0.755 s <<< FAILURE! -- in com.hotel.AppTest
com.hotel.AppTest.testReservarHabitacioCreaReservaIDisminueixDisponibilitat -- Time elapsed: 0.235 s <<< ERROR!
java.util.InputMismatchException
	at java.base/java.util.Scanner.throwFor(Scanner.java:977)
	at java.base/java.util.Scanner.next(Scanner.java:1632)
	at java.base/java.util.Scanner.nextInt(Scanner.java:2297)
	at java.base/java.util.Scanner.nextInt(Scanner.java:2251)
	at com.hotel.App.llegirEnter(App.java:393)
	at com.hotel.App.seleccionarServeis(App.java:230)
	at com.hotel.App.reservarHabitacio(App.java:152)
	at com.hotel.AppTest.lambda$3(AppTest.java:144)
	at com.hotel.AppTest.captureOutput(AppTest.java:59)
	at com.hotel.AppTest.testReservarHabitacioCreaReservaIDisminueixDisponibilitat(AppTest.java:144)
	at java.base/java.lang.reflect.Method.invoke(Method.java:565)
	at java.base/java.util.ArrayList.forEach(ArrayList.java:1604)
	at java.base/java.util.ArrayList.forEach(ArrayList.java:1604)

com.hotel.AppTest.testSeleccionarServeisSenseCapServei -- Time elapsed: 0.018 s <<< ERROR!
java.util.InputMismatchException
	at java.base/java.util.Scanner.throwFor(Scanner.java:977)
	at java.base/java.util.Scanner.next(Scanner.java:1632)
	at java.base/java.util.Scanner.nextInt(Scanner.java:2297)
	at java.base/java.util.Scanner.nextInt(Scanner.java:2251)
	at com.hotel.App.llegirEnter(App.java:393)
	at com.hotel.App.seleccionarServeis(App.java:230)
	at com.hotel.AppTest.testSeleccionarServeisSenseCapServei(AppTest.java:189)
	at java.base/java.lang.reflect.Method.invoke(Method.java:565)
	at java.base/java.util.ArrayList.forEach(ArrayList.java:1604)
	at java.base/java.util.ArrayList.forEach(ArrayList.java:1604)

com.hotel.AppTest.testConsultarDisponibilitatMostraTaula -- Time elapsed: 0.042 s <<< FAILURE!
org.opentest4j.AssertionFailedError: expected: <true> but was: <false>
	at org.junit.jupiter.api.AssertionFailureBuilder.build(AssertionFailureBuilder.java:151)
	at org.junit.jupiter.api.AssertionFailureBuilder.buildAndThrow(AssertionFailureBuilder.java:132)
	at org.junit.jupiter.api.AssertTrue.failNotTrue(AssertTrue.java:63)
	at org.junit.jupiter.api.AssertTrue.assertTrue(AssertTrue.java:36)
	at org.junit.jupiter.api.AssertTrue.assertTrue(AssertTrue.java:31)
	at org.junit.jupiter.api.Assertions.assertTrue(Assertions.java:179)
	at com.hotel.AppTest.testConsultarDisponibilitatMostraTaula(AppTest.java:247)
	at java.base/java.lang.reflect.Method.invoke(Method.java:565)
	at java.base/java.util.ArrayList.forEach(ArrayList.java:1604)
	at java.base/java.util.ArrayList.forEach(ArrayList.java:1604)

com.hotel.AppTest.testObtindreReservaPerTipusMostraNomésEixeTipus -- Time elapsed: 0.019 s <<< ERROR!
java.lang.Error: 
Unresolved compilation problem: 
	Syntax error on token ")", invalid LambdaBody

	at com.hotel.AppTest.testObtindreReservaPerTipusMostraNomésEixeTipus(AppTest.java:313)
	at java.base/java.lang.reflect.Method.invoke(Method.java:565)
	at java.base/java.util.ArrayList.forEach(ArrayList.java:1604)
	at java.base/java.util.ArrayList.forEach(ArrayList.java:1604)

com.hotel.AppTest.testMostrarMenu -- Time elapsed: 0.010 s <<< FAILURE!
org.opentest4j.AssertionFailedError: expected: <true> but was: <false>
	at org.junit.jupiter.api.AssertionFailureBuilder.build(AssertionFailureBuilder.java:151)
	at org.junit.jupiter.api.AssertionFailureBuilder.buildAndThrow(AssertionFailureBuilder.java:132)
	at org.junit.jupiter.api.AssertTrue.failNotTrue(AssertTrue.java:63)
	at org.junit.jupiter.api.AssertTrue.assertTrue(AssertTrue.java:36)
	at org.junit.jupiter.api.AssertTrue.assertTrue(AssertTrue.java:31)
	at org.junit.jupiter.api.Assertions.assertTrue(Assertions.java:179)
	at com.hotel.AppTest.testMostrarMenu(AppTest.java:120)
	at java.base/java.lang.reflect.Method.invoke(Method.java:565)
	at java.base/java.util.ArrayList.forEach(ArrayList.java:1604)
	at java.base/java.util.ArrayList.forEach(ArrayList.java:1604)

com.hotel.AppTest.testCalcularPreuTotalHabitacioMesServei -- Time elapsed: 0.008 s <<< FAILURE!
org.opentest4j.AssertionFailedError: expected: <72.6> but was: <60.5>
	at org.junit.jupiter.api.AssertionFailureBuilder.build(AssertionFailureBuilder.java:151)
	at org.junit.jupiter.api.AssertionFailureBuilder.buildAndThrow(AssertionFailureBuilder.java:132)
	at org.junit.jupiter.api.AssertEquals.failNotEqual(AssertEquals.java:197)
	at org.junit.jupiter.api.AssertEquals.assertEquals(AssertEquals.java:118)
	at org.junit.jupiter.api.AssertEquals.assertEquals(AssertEquals.java:113)
	at org.junit.jupiter.api.Assertions.assertEquals(Assertions.java:856)
	at com.hotel.AppTest.testCalcularPreuTotalHabitacioMesServei(AppTest.java:203)
	at java.base/java.lang.reflect.Method.invoke(Method.java:565)
	at java.base/java.util.ArrayList.forEach(ArrayList.java:1604)
	at java.base/java.util.ArrayList.forEach(ArrayList.java:1604)

