<?xml version="1.0" encoding="UTF-8"?>
<testsuite xmlns:xsi="http://www.w3.org/2001/XMLSchema-instance" xsi:noNamespaceSchemaLocation="https://maven.apache.org/surefire/maven-surefire-plugin/xsd/surefire-test-report-3.0.xsd" version="3.0" name="com.hotel.AppTest" time="0.755" tests="17" errors="3" skipped="0" failures="3">
  <properties>
    <property name="java.specification.version" value="25"/>
    <property name="sun.cpu.isalist" value="amd64"/>
    <property name="sun.jnu.encoding" value="Cp1252"/>
    <property name="java.class.path" value="C:\Users\Prisca\Desktop\Trabajo Programacion Hotel\activitatavaluable-uf06-hotel-Prisca828\target\test-classes;C:\Users\Prisca\Desktop\Trabajo Programacion Hotel\activitatavaluable-uf06-hotel-Prisca828\target\classes;C:\Users\Prisca\.m2\repository\org\junit\jupiter\junit-jupiter\5.10.0\junit-jupiter-5.10.0.jar;C:\Users\Prisca\.m2\repository\org\junit\jupiter\junit-jupiter-api\5.10.0\junit-jupiter-api-5.10.0.jar;C:\Users\Prisca\.m2\repository\org\opentest4j\opentest4j\1.3.0\opentest4j-1.3.0.jar;C:\Users\Prisca\.m2\repository\org\junit\platform\junit-platform-commons\1.10.0\junit-platform-commons-1.10.0.jar;C:\Users\Prisca\.m2\repository\org\apiguardian\apiguardian-api\1.1.2\apiguardian-api-1.1.2.jar;C:\Users\Prisca\.m2\repository\org\junit\jupiter\junit-jupiter-params\5.10.0\junit-jupiter-params-5.10.0.jar;C:\Users\Prisca\.m2\repository\org\junit\jupiter\junit-jupiter-engine\5.10.0\junit-jupiter-engine-5.10.0.jar;C:\Users\Prisca\.m2\repository\org\junit\platform\junit-platform-engine\1.10.0\junit-platform-engine-1.10.0.jar;"/>
    <property name="java.vm.vendor" value="Oracle Corporation"/>
    <property name="sun.arch.data.model" value="64"/>
    <property name="user.variant" value=""/>
    <property name="java.vendor.url" value="https://java.oracle.com/"/>
    <property name="user.timezone" value="Europe/Madrid"/>
    <property name="os.name" value="Windows 11"/>
    <property name="java.vm.specification.version" value="25"/>
    <property name="user.country" value="ES"/>
    <property name="sun.java.launcher" value="SUN_STANDARD"/>
    <property name="sun.boot.library.path" value="C:\Users\Prisca\oracleJdk-25\bin"/>
    <property name="sun.java.command" value="C:\Users\Prisca\AppData\Local\Temp\surefire14041579395345852605\surefirebooter-20251231014623187_3.jar C:\Users\Prisca\AppData\Local\Temp\surefire14041579395345852605 2025-12-31T01-46-15_596-jvmRun1 surefire-20251231014623187_1tmp surefire_0-20251231014623187_2tmp"/>
    <property name="jdk.debug" value="release"/>
    <property name="test" value="com.hotel.AppTest"/>
    <property name="surefire.test.class.path" value="C:\Users\Prisca\Desktop\Trabajo Programacion Hotel\activitatavaluable-uf06-hotel-Prisca828\target\test-classes;C:\Users\Prisca\Desktop\Trabajo Programacion Hotel\activitatavaluable-uf06-hotel-Prisca828\target\classes;C:\Users\Prisca\.m2\repository\org\junit\jupiter\junit-jupiter\5.10.0\junit-jupiter-5.10.0.jar;C:\Users\Prisca\.m2\repository\org\junit\jupiter\junit-jupiter-api\5.10.0\junit-jupiter-api-5.10.0.jar;C:\Users\Prisca\.m2\repository\org\opentest4j\opentest4j\1.3.0\opentest4j-1.3.0.jar;C:\Users\Prisca\.m2\repository\org\junit\platform\junit-platform-commons\1.10.0\junit-platform-commons-1.10.0.jar;C:\Users\Prisca\.m2\repository\org\apiguardian\apiguardian-api\1.1.2\apiguardian-api-1.1.2.jar;C:\Users\Prisca\.m2\repository\org\junit\jupiter\junit-jupiter-params\5.10.0\junit-jupiter-params-5.10.0.jar;C:\Users\Prisca\.m2\repository\org\junit\jupiter\junit-jupiter-engine\5.10.0\junit-jupiter-engine-5.10.0.jar;C:\Users\Prisca\.m2\repository\org\junit\platform\junit-platform-engine\1.10.0\junit-platform-engine-1.10.0.jar;"/>
    <property name="sun.cpu.endian" value="little"/>
    <property name="user.home" value="C:\Users\Prisca"/>
    <property name="user.language" value="es"/>
    <property name="java.specification.vendor" value="Oracle Corporation"/>
    <property name="java.version.date" value="2025-10-21"/>
    <property name="java.home" value="C:\Users\Prisca\oracleJdk-25"/>
    <property name="file.separator" value="\"/>
    <property name="basedir" value="C:\Users\Prisca\Desktop\Trabajo Programacion Hotel\activitatavaluable-uf06-hotel-Prisca828"/>
    <property name="java.vm.compressedOopsMode" value="32-bit"/>
    <property name="line.separator" value="&#10;"/>
    <property name="java.vm.specification.vendor" value="Oracle Corporation"/>
    <property name="java.specification.name" value="Java Platform API Specification"/>
    <property name="surefire.real.class.path" value="C:\Users\Prisca\AppData\Local\Temp\surefire14041579395345852605\surefirebooter-20251231014623187_3.jar"/>
    <property name="user.script" value=""/>
    <property name="sun.management.compiler" value="HotSpot 64-Bit Tiered Compilers"/>
    <property name="java.runtime.version" value="25.0.1+8-LTS-27"/>
    <property name="user.name" value="Prisca"/>
    <property name="stdout.encoding" value="Cp1252"/>
    <property name="path.separator" value=";"/>
    <property name="os.version" value="10.0"/>
    <property name="java.runtime.name" value="Java(TM) SE Runtime Environment"/>
    <property name="file.encoding" value="UTF-8"/>
    <property name="java.vm.name" value="Java HotSpot(TM) 64-Bit Server VM"/>
    <property name="maven.ext.class.path" value="C:\Users\Prisca\.vscode\extensions\oracle.oracle-java-25.0.0\nbcode\java\maven-nblib\netbeans-eventspy.jar"/>
    <property name="localRepository" value="C:\Users\Prisca\.m2\repository"/>
    <property name="java.vendor.url.bug" value="https://bugreport.java.com/bugreport/"/>
    <property name="java.io.tmpdir" value="C:\Users\Prisca\AppData\Local\Temp\"/>
    <property name="java.version" value="25.0.1"/>
    <property name="user.dir" value="C:\Users\Prisca\Desktop\Trabajo Programacion Hotel\activitatavaluable-uf06-hotel-Prisca828"/>
    <property name="os.arch" value="amd64"/>
    <property name="java.vm.specification.name" value="Java Virtual Machine Specification"/>
    <property name="sun.os.patch.level" value=""/>
    <property name="native.encoding" value="Cp1252"/>
    <property name="java.library.path" value="C:\Users\Prisca\oracleJdk-25\bin;C:\WINDOWS\Sun\Java\bin;C:\WINDOWS\system32;C:\WINDOWS;C:\Program Files\Common Files\Oracle\Java\javapath;C:\WINDOWS\system32;C:\WINDOWS;C:\WINDOWS\System32\Wbem;C:\WINDOWS\System32\WindowsPowerShell\v1.0\;C:\WINDOWS\System32\OpenSSH\;C:\Program Files\AutoFirma\AutoFirma;C:\Program Files (x86)\Windows Live\Shared;C:\Program Files\Git\cmd;C:\Program Files\PowerShell\7\;C:\Users\Prisca\AppData\Local\Programs\Python\Launcher\;C:\Users\Prisca\AppData\Local\Microsoft\WindowsApps;C:\Users\Prisca\AppData\Local\Programs\Microsoft VS Code\bin;."/>
    <property name="java.vm.info" value="mixed mode, sharing"/>
    <property name="stderr.encoding" value="Cp1252"/>
    <property name="java.vendor" value="Oracle Corporation"/>
    <property name="java.vm.version" value="25.0.1+8-LTS-27"/>
    <property name="stdin.encoding" value="Cp1252"/>
    <property name="sun.io.unicode.encoding" value="UnicodeLittle"/>
    <property name="java.class.version" value="69.0"/>
  </properties>
  <testcase name="testReservarHabitacioCreaReservaIDisminueixDisponibilitat" classname="com.hotel.AppTest" time="0.235">
    <error type="java.util.InputMismatchException"><![CDATA[java.util.InputMismatchException
	at java.base/java.util.Scanner.throwFor(Scanner.java:977)
	at java.base/java.util.Scanner.next(Scanner.java:1632)
	at java.base/java.util.Scanner.nextInt(Scanner.java:2297)
	at java.base/java.util.Scanner.nextInt(Scanner.java:2251)
	at com.hotel.App.llegirEnter(App.java:393)
	at com.hotel.App.seleccionarServeis(App.java:230)
	at com.hotel.App.reservarHabitacio(App.java:152)
	at com.hotel.AppTest.lambda$3(AppTest.java:144)
	at com.hotel.AppTest.captureOutput(AppTest.java:59)
	at com.hotel.AppTest.testReservarHabitacioCreaReservaIDisminueixDisponibilitat(AppTest.java:144)
	at java.base/java.lang.reflect.Method.invoke(Method.java:565)
	at java.base/java.util.ArrayList.forEach(ArrayList.java:1604)
	at java.base/java.util.ArrayList.forEach(ArrayList.java:1604)
]]></error>
  </testcase>
  <testcase name="testSeleccionarServeisSenseCapServei" classname="com.hotel.AppTest" time="0.018">
    <error type="java.util.InputMismatchException"><![CDATA[java.util.InputMismatchException
	at java.base/java.util.Scanner.throwFor(Scanner.java:977)
	at java.base/java.util.Scanner.next(Scanner.java:1632)
	at java.base/java.util.Scanner.nextInt(Scanner.java:2297)
	at java.base/java.util.Scanner.nextInt(Scanner.java:2251)
	at com.hotel.App.llegirEnter(App.java:393)
	at com.hotel.App.seleccionarServeis(App.java:230)
	at com.hotel.AppTest.testSeleccionarServeisSenseCapServei(AppTest.java:189)
	at java.base/java.lang.reflect.Method.invoke(Method.java:565)
	at java.base/java.util.ArrayList.forEach(ArrayList.java:1604)
	at java.base/java.util.ArrayList.forEach(ArrayList.java:1604)
]]></error>
    <system-out><![CDATA[0. Finalitzar
1. Esmorzar
2. Gimnàs
3. Spa
4. Piscina
Seleccione servei: ]]></system-out>
  </testcase>
  <testcase name="testGestionarOpcioInvalida" classname="com.hotel.AppTest" time="0.015"/>
  <testcase name="testConsultarDisponibilitatMostraTaula" classname="com.hotel.AppTest" time="0.042">
    <failure message="expected: &lt;true&gt; but was: &lt;false&gt;" type="org.opentest4j.AssertionFailedError"><![CDATA[org.opentest4j.AssertionFailedError: expected: <true> but was: <false>
	at org.junit.jupiter.api.AssertionFailureBuilder.build(AssertionFailureBuilder.java:151)
	at org.junit.jupiter.api.AssertionFailureBuilder.buildAndThrow(AssertionFailureBuilder.java:132)
	at org.junit.jupiter.api.AssertTrue.failNotTrue(AssertTrue.java:63)
	at org.junit.jupiter.api.AssertTrue.assertTrue(AssertTrue.java:36)
	at org.junit.jupiter.api.AssertTrue.assertTrue(AssertTrue.java:31)
	at org.junit.jupiter.api.Assertions.assertTrue(Assertions.java:179)
	at com.hotel.AppTest.testConsultarDisponibilitatMostraTaula(AppTest.java:247)
	at java.base/java.lang.reflect.Method.invoke(Method.java:565)
	at java.base/java.util.ArrayList.forEach(ArrayList.java:1604)
	at java.base/java.util.ArrayList.forEach(ArrayList.java:1604)
]]></failure>
  </testcase>
  <testcase name="testGenerarCodiReservaRangIUnic" classname="com.hotel.AppTest" time="0.023"/>
  <testcase name="testMainBucleIxit" classname="com.hotel.AppTest" time="0.011"/>
  <testcase name="testObtindreReservaPerTipusMostraNomésEixeTipus" classname="com.hotel.AppTest" time="0.019">
    <error message="Unresolved compilation problem: &#10;	Syntax error on token &quot;)&quot;, invalid LambdaBody&#10;" type="java.lang.Error"><![CDATA[java.lang.Error: 
Unresolved compilation problem: 
	Syntax error on token ")", invalid LambdaBody

	at com.hotel.AppTest.testObtindreReservaPerTipusMostraNomésEixeTipus(AppTest.java:313)
	at java.base/java.lang.reflect.Method.invoke(Method.java:565)
	at java.base/java.util.ArrayList.forEach(ArrayList.java:1604)
	at java.base/java.util.ArrayList.forEach(ArrayList.java:1604)
]]></error>
  </testcase>
  <testcase name="testInicialitzarPreus" classname="com.hotel.AppTest" time="0.007"/>
  <testcase name="testLlistarReservesPerTipusFiltraCorrectament" classname="com.hotel.AppTest" time="0.007"/>
  <testcase name="testSeleccionarTipusHabitacioDisponibleAmbDisponibilitat" classname="com.hotel.AppTest" time="0.022">
    <system-out><![CDATA[
Tipus d'habitacions disponibles:
Suite - 20 disponibles - 100.0€
Estàndard - 30 disponibles - 50.0€
Deluxe - 10 disponibles - 150.0€

Selecciona un tipus d'habitació:
1. Estàndard
2. Suite
3. Deluxe
Opció: ]]></system-out>
  </testcase>
  <testcase name="testObtindreReservaMostraReserva" classname="com.hotel.AppTest" time="0.017"/>
  <testcase name="testMostrarMenu" classname="com.hotel.AppTest" time="0.01">
    <failure message="expected: &lt;true&gt; but was: &lt;false&gt;" type="org.opentest4j.AssertionFailedError"><![CDATA[org.opentest4j.AssertionFailedError: expected: <true> but was: <false>
	at org.junit.jupiter.api.AssertionFailureBuilder.build(AssertionFailureBuilder.java:151)
	at org.junit.jupiter.api.AssertionFailureBuilder.buildAndThrow(AssertionFailureBuilder.java:132)
	at org.junit.jupiter.api.AssertTrue.failNotTrue(AssertTrue.java:63)
	at org.junit.jupiter.api.AssertTrue.assertTrue(AssertTrue.java:36)
	at org.junit.jupiter.api.AssertTrue.assertTrue(AssertTrue.java:31)
	at org.junit.jupiter.api.Assertions.assertTrue(Assertions.java:179)
	at com.hotel.AppTest.testMostrarMenu(AppTest.java:120)
	at java.base/java.lang.reflect.Method.invoke(Method.java:565)
	at java.base/java.util.ArrayList.forEach(ArrayList.java:1604)
	at java.base/java.util.ArrayList.forEach(ArrayList.java:1604)
]]></failure>
  </testcase>
  <testcase name="testSeleccionarTipusHabitacioSuite" classname="com.hotel.AppTest" time="0.01">
    <system-out><![CDATA[
Selecciona un tipus d'habitació:
1. Estàndard
2. Suite
3. Deluxe
Opció: ]]></system-out>
  </testcase>
  <testcase name="testCalcularPreuTotalHabitacioMesServei" classname="com.hotel.AppTest" time="0.008">
    <failure message="expected: &lt;72.6&gt; but was: &lt;60.5&gt;" type="org.opentest4j.AssertionFailedError"><![CDATA[org.opentest4j.AssertionFailedError: expected: <72.6> but was: <60.5>
	at org.junit.jupiter.api.AssertionFailureBuilder.build(AssertionFailureBuilder.java:151)
	at org.junit.jupiter.api.AssertionFailureBuilder.buildAndThrow(AssertionFailureBuilder.java:132)
	at org.junit.jupiter.api.AssertEquals.failNotEqual(AssertEquals.java:197)
	at org.junit.jupiter.api.AssertEquals.assertEquals(AssertEquals.java:118)
	at org.junit.jupiter.api.AssertEquals.assertEquals(AssertEquals.java:113)
	at org.junit.jupiter.api.Assertions.assertEquals(Assertions.java:856)
	at com.hotel.AppTest.testCalcularPreuTotalHabitacioMesServei(AppTest.java:203)
	at java.base/java.lang.reflect.Method.invoke(Method.java:565)
	at java.base/java.util.ArrayList.forEach(ArrayList.java:1604)
	at java.base/java.util.ArrayList.forEach(ArrayList.java:1604)
]]></failure>
  </testcase>
  <testcase name="testAlliberarHabitacioIncrementaDisponibilitatIEliminaReserva" classname="com.hotel.AppTest" time="0.006"/>
  <testcase name="testSeleccionarTipusHabitacioDisponibleSenseDisponibilitat" classname="com.hotel.AppTest" time="0.016">
    <system-out><![CDATA[
Tipus d'habitacions disponibles:
Suite - 0 disponibles - 100.0€
Estàndard - 30 disponibles - 50.0€
Deluxe - 10 disponibles - 150.0€

Selecciona un tipus d'habitació:
1. Estàndard
2. Suite
3. Deluxe
Opció: No hi ha habitacions disponibles d'aquest tipus.
]]></system-out>
  </testcase>
  <testcase name="testMostrarDadesReserva" classname="com.hotel.AppTest" time="0.01"/>
</testsuite>