<?xml version="1.0" encoding="UTF-8"?>
<testsuite xmlns:xsi="http://www.w3.org/2001/XMLSchema-instance" xsi:noNamespaceSchemaLocation="https://maven.apache.org/surefire/maven-surefire-plugin/xsd/surefire-test-report-3.0.xsd" version="3.0" name="com.hotel.AppTest" time="0.755" tests="17" errors="3" skipped="0" failures="3">
  <properties>
[...]
</properties>
  <testcase name="testReservarHabitacioCreaReservaIDisminueixDisponibilitat" classname="com.hotel.AppTest" time="0.235">
    <error type="java.util.InputMismatchException"><![CDATA[java.util.InputMismatchException
	at java.base/java.util.Scanner.throwFor(Scanner.java:977)
	at java.base/java.util.Scanner.next(Scanner.java:1632)
	at java.base/java.util.Scanner.nextInt(Scanner.java:2297)
	at java.base/java.util.Scanner.nextInt(Scanner.java:2251)
	at com.hotel.App.llegirEnter(App.java:393)
	at com.hotel.App.seleccionarServeis(App.java:230)
	at com.hotel.App.reservarHabitacio(App.java:152)
	at com.hotel.AppTest.lambda$3(AppTest.java:144)
	at com.hotel.AppTest.captureOutput(AppTest.java:59)
	at com.hotel.AppTest.testReservarHabitacioCreaReservaIDisminueixDisponibilitat(AppTest.java:144)
	at java.base/java.lang.reflect.Method.invoke(Method.java:565)
	at java.base/java.util.ArrayList.forEach(ArrayList.java:1604)
	at java.base/java.util.ArrayList.forEach(ArrayList.java:1604)
]]></error>
  </testcase>
  <testcase name="testSeleccionarServeisSenseCapServei" classname="com.hotel.AppTest" time="0.018">
    <error type="java.util.InputMismatchException"><![CDATA[java.util.InputMismatchException
	at java.base/java.util.Scanner.throwFor(Scanner.java:977)
	at java.base/java.util.Scanner.next(Scanner.java:1632)
	at java.base/java.util.Scanner.nextInt(Scanner.java:2297)
	at java.base/java.util.Scanner.nextInt(Scanner.java:2251)
	at com.hotel.App.llegirEnter(App.java:393)
	at com.hotel.App.seleccionarServeis(App.java:230)
	at com.hotel.AppTest.testSeleccionarServeisSenseCapServei(AppTest.java:189)
	at java.base/java.lang.reflect.Method.invoke(Method.java:565)
	at java.base/java.util.ArrayList.forEach(ArrayList.java:1604)
	at java.base/java.util.ArrayList.forEach(ArrayList.java:1604)
]]></error>
    <system-out><![CDATA[0. Finalitzar
1. Esmorzar
2. Gimnàs
3. Spa
4. Piscina
Seleccione servei: ]]></system-out>
  </testcase>
  <testcase name="testGestionarOpcioInvalida" classname="com.hotel.AppTest" time="0.015"/>
  <testcase name="testConsultarDisponibilitatMostraTaula" classname="com.hotel.AppTest" time="0.042">
    <failure message="expected: &lt;true&gt; but was: &lt;false&gt;" type="org.opentest4j.AssertionFailedError"><![CDATA[org.opentest4j.AssertionFailedError: expected: <true> but was: <false>
	at org.junit.jupiter.api.AssertionFailureBuilder.build(AssertionFailureBuilder.java:151)
	at org.junit.jupiter.api.AssertionFailureBuilder.buildAndThrow(AssertionFailureBuilder.java:132)
	at org.junit.jupiter.api.AssertTrue.failNotTrue(AssertTrue.java:63)
	at org.junit.jupiter.api.AssertTrue.assertTrue(AssertTrue.java:36)
	at org.junit.jupiter.api.AssertTrue.assertTrue(AssertTrue.java:31)
	at org.junit.jupiter.api.Assertions.assertTrue(Assertions.java:179)
	at com.hotel.AppTest.testConsultarDisponibilitatMostraTaula(AppTest.java:247)
	at java.base/java.lang.reflect.Method.invoke(Method.java:565)
	at java.base/java.util.ArrayList.forEach(ArrayList.java:1604)
	at java.base/java.util.ArrayList.forEach(ArrayList.java:1604)
]]></failure>
  </testcase>
  <testcase name="testGenerarCodiReservaRangIUnic" classname="com.hotel.AppTest" time="0.023"/>
  <testcase name="testMainBucleIxit" classname="com.hotel.AppTest" time="0.011"/>
  <testcase name="testObtindreReservaPerTipusMostraNomésEixeTipus" classname="com.hotel.AppTest" time="0.019">
    <error message="Unresolved compilation problem: &#10;	Syntax error on token &quot;)&quot;, invalid LambdaBody&#10;" type="java.lang.Error"><![CDATA[java.lang.Error: 
Unresolved compilation problem: 
	Syntax error on token ")", invalid LambdaBody

	at com.hotel.AppTest.testObtindreReservaPerTipusMostraNomésEixeTipus(AppTest.java:313)
	at java.base/java.lang.reflect.Method.invoke(Method.java:565)
	at java.base/java.util.ArrayList.forEach(ArrayList.java:1604)
	at java.base/java.util.ArrayList.forEach(ArrayList.java:1604)
]]></error>
  </testcase>
  <testcase name="testInicialitzarPreus" classname="com.hotel.AppTest" time="0.007"/>
  <testcase name="testLlistarReservesPerTipusFiltraCorrectament" classname="com.hotel.AppTest" time="0.007"/>
  <testcase name="testSeleccionarTipusHabitacioDisponibleAmbDisponibilitat" classname="com.hotel.AppTest" time="0.022">
    <system-out><![CDATA[
Tipus d'habitacions disponibles:
Suite - 20 disponibles - 100.0€
Estàndard - 30 disponibles - 50.0€
Deluxe - 10 disponibles - 150.0€

Selecciona un tipus d'habitació:
1. Estàndard
2. Suite
3. Deluxe
Opció: ]]></system-out>
  </testcase>
  <testcase name="testObtindreReservaMostraReserva" classname="com.hotel.AppTest" time="0.017"/>
  <testcase name="testMostrarMenu" classname="com.hotel.AppTest" time="0.01">
    <failure message="expected: &lt;true&gt; but was: &lt;false&gt;" type="org.opentest4j.AssertionFailedError"><![CDATA[org.opentest4j.AssertionFailedError: expected: <true> but was: <false>
	at org.junit.jupiter.api.AssertionFailureBuilder.build(AssertionFailureBuilder.java:151)
	at org.junit.jupiter.api.AssertionFailureBuilder.buildAndThrow(AssertionFailureBuilder.java:132)
	at org.junit.jupiter.api.AssertTrue.failNotTrue(AssertTrue.java:63)
	at org.junit.jupiter.api.AssertTrue.assertTrue(AssertTrue.java:36)
	at org.junit.jupiter.api.AssertTrue.assertTrue(AssertTrue.java:31)
	at org.junit.jupiter.api.Assertions.assertTrue(Assertions.java:179)
	at com.hotel.AppTest.testMostrarMenu(AppTest.java:120)
	at java.base/java.lang.reflect.Method.invoke(Method.java:565)
	at java.base/java.util.ArrayList.forEach(ArrayList.java:1604)
	at java.base/java.util.ArrayList.forEach(ArrayList.java:1604)
]]></failure>
  </testcase>
  <testcase name="testSeleccionarTipusHabitacioSuite" classname="com.hotel.AppTest" time="0.01">
    <system-out><![CDATA[
Selecciona un tipus d'habitació:
1. Estàndard
2. Suite
3. Deluxe
Opció: ]]></system-out>
  </testcase>
  <testcase name="testCalcularPreuTotalHabitacioMesServei" classname="com.hotel.AppTest" time="0.008">
    <failure message="expected: &lt;72.6&gt; but was: &lt;60.5&gt;" type="org.opentest4j.AssertionFailedError"><![CDATA[org.opentest4j.AssertionFailedError: expected: <72.6> but was: <60.5>
	at org.junit.jupiter.api.AssertionFailureBuilder.build(AssertionFailureBuilder.java:151)
	at org.junit.jupiter.api.AssertionFailureBuilder.buildAndThrow(AssertionFailureBuilder.java:132)
	at org.junit.jupiter.api.AssertEquals.failNotEqual(AssertEquals.java:197)
	at org.junit.jupiter.api.AssertEquals.assertEquals(AssertEquals.java:118)
	at org.junit.jupiter.api.AssertEquals.assertEquals(AssertEquals.java:113)
	at org.junit.jupiter.api.Assertions.assertEquals(Assertions.java:856)
	at com.hotel.AppTest.testCalcularPreuTotalHabitacioMesServei(AppTest.java:203)
	at java.base/java.lang.reflect.Method.invoke(Method.java:565)
	at java.base/java.util.ArrayList.forEach(ArrayList.java:1604)
	at java.base/java.util.ArrayList.forEach(ArrayList.java:1604)
]]></failure>
  </testcase>
  <testcase name="testAlliberarHabitacioIncrementaDisponibilitatIEliminaReserva" classname="com.hotel.AppTest" time="0.006"/>
  <testcase name="testSeleccionarTipusHabitacioDisponibleSenseDisponibilitat" classname="com.hotel.AppTest" time="0.016">
    <system-out><![CDATA[
Tipus d'habitacions disponibles:
Suite - 0 disponibles - 100.0€
Estàndard - 30 disponibles - 50.0€
Deluxe - 10 disponibles - 150.0€

Selecciona un tipus d'habitació:
1. Estàndard
2. Suite
3. Deluxe
Opció: No hi ha habitacions disponibles d'aquest tipus.
]]></system-out>
  </testcase>
  <testcase name="testMostrarDadesReserva" classname="com.hotel.AppTest" time="0.01"/>
</testsuite>